#
# A fatal error has been detected by the Java Runtime Environment:
#
# java.lang.OutOfMemoryError: requested 83886080 bytes for GrET in C:\BUILD_AREA\jdk6_16\hotspot\src\share\vm\utilities\growableArray.cpp. Out of swap space?
#
#  Internal Error (allocation.inline.hpp:39), pid=3832, tid=5176
#  Error: GrET in C:\BUILD_AREA\jdk6_16\hotspot\src\share\vm\utilities\growableArray.cpp
#
# JRE version: 6.0_16-b01
# Java VM: Java HotSpot(TM) Client VM (14.2-b01 mixed mode windows-x86 )
# If you would like to submit a bug report, please visit:
#   http://java.sun.com/webapps/bugreport/crash.jsp
#

---------------  T H R E A D  ---------------

Current thread (0x00d25c00):  VMThread [stack: 0x01480000,0x014d0000] [id=5176]

Stack: [0x01480000,0x014d0000],  sp=0x014cf8b8,  free space=318k
Native frames: (J=compiled Java code, j=interpreted, Vv=VM code, C=native code)
V  [jvm.dll+0x1e66c7]
V  [jvm.dll+0xa0c9c]
V  [jvm.dll+0xce307]
V  [jvm.dll+0xb4e97]
V  [jvm.dll+0x15975f]
V  [jvm.dll+0x16b5df]
V  [jvm.dll+0x16b5ee]
V  [jvm.dll+0x15955a]
V  [jvm.dll+0x16d442]
V  [jvm.dll+0x16d6de]
V  [jvm.dll+0xb1150]
V  [jvm.dll+0xb234a]
V  [jvm.dll+0x1ce0f5]
V  [jvm.dll+0x1ce4ca]
V  [jvm.dll+0x196374]
V  [jvm.dll+0xc69ff]
V  [jvm.dll+0xc866c]
V  [jvm.dll+0xc89c0]
V  [jvm.dll+0xcc99a]
V  [jvm.dll+0x1cb122]
V  [jvm.dll+0xc79f5]
V  [jvm.dll+0x7d50b]
V  [jvm.dll+0x1e6b1b]
V  [jvm.dll+0x1e92a3]
V  [jvm.dll+0x1e853e]
V  [jvm.dll+0x1e888c]
V  [jvm.dll+0x1e8cb2]
V  [jvm.dll+0x173e5c]
C  [msvcr71.dll+0x9565]
C  [kernel32.dll+0x4d0e9]
C  [ntdll.dll+0x419bb]
C  [ntdll.dll+0x4198e]

VM_Operation (0x00c7f954): GenCollectForAllocation, mode: safepoint, requested by thread 0x015b9000


---------------  P R O C E S S  ---------------

Java Threads: ( => current thread )
  0x00d6b000 JavaThread "Low Memory Detector" daemon [_thread_blocked, id=5140, stack(0x022b0000,0x02300000)]
  0x00d66000 JavaThread "CompilerThread0" daemon [_thread_blocked, id=2464, stack(0x02260000,0x022b0000)]
  0x00d65800 JavaThread "Attach Listener" daemon [_thread_blocked, id=5492, stack(0x02210000,0x02260000)]
  0x00d5ac00 JavaThread "Signal Dispatcher" daemon [_thread_blocked, id=4288, stack(0x021c0000,0x02210000)]
  0x00d2e400 JavaThread "Finalizer" daemon [_thread_blocked, id=2236, stack(0x01520000,0x01570000)]
  0x00d29c00 JavaThread "Reference Handler" daemon [_thread_blocked, id=4248, stack(0x014d0000,0x01520000)]
  0x015b9000 JavaThread "main" [_thread_blocked, id=2572, stack(0x00c30000,0x00c80000)]

Other Threads:
=>0x00d25c00 VMThread [stack: 0x01480000,0x014d0000] [id=5176]
  0x00d75000 WatcherThread [stack: 0x02300000,0x02350000] [id=3172]

VM state:at safepoint (normal execution)

VM Mutex/Monitor currently owned by a thread:  ([mutex/lock_event])
[0x015b7528] Threads_lock - owner thread: 0x00d25c00
[0x015b7938] Heap_lock - owner thread: 0x015b9000

Heap
 def new generation   total 94848K, used 10495K [0x04380000, 0x0aa60000, 0x0b6e0000)
  eden space 84352K,   0% used [0x04380000, 0x04380000, 0x095e0000)
  from space 10496K,  99% used [0x0a020000, 0x0aa5fff8, 0x0aa60000)
  to   space 10496K,   0% used [0x095e0000, 0x095e0000, 0x0a020000)
 tenured generation   total 1338264K, used 1338142K [0x0b6e0000, 0x5d1c6000, 0x61f80000)
   the space 1338264K,  99% used [0x0b6e0000, 0x5d1a7bf0, 0x5d1a7c00, 0x5d1c6000)
 compacting perm gen  total 12288K, used 1736K [0x61f80000, 0x62b80000, 0x65f80000)
   the space 12288K,  14% used [0x61f80000, 0x62132208, 0x62132400, 0x62b80000)
No shared spaces configured.

Dynamic libraries:
0x00400000 - 0x00424000 	C:\Program Files\Java\jdk1.6.0_16\jre\bin\java.exe
0x77bc0000 - 0x77ce7000 	C:\Windows\system32\ntdll.dll
0x76fd0000 - 0x770ac000 	C:\Windows\system32\kernel32.dll
0x76ac0000 - 0x76b86000 	C:\Windows\system32\ADVAPI32.dll
0x76ed0000 - 0x76f93000 	C:\Windows\system32\RPCRT4.dll
0x7c340000 - 0x7c396000 	C:\Program Files\Java\jdk1.6.0_16\jre\bin\msvcr71.dll
0x6d8b0000 - 0x6db3b000 	C:\Program Files\Java\jdk1.6.0_16\jre\bin\client\jvm.dll
0x76a20000 - 0x76abd000 	C:\Windows\system32\USER32.dll
0x76670000 - 0x766bb000 	C:\Windows\system32\GDI32.dll
0x73030000 - 0x73062000 	C:\Windows\system32\WINMM.dll
0x77d00000 - 0x77daa000 	C:\Windows\system32\msvcrt.dll
0x76b90000 - 0x76cd5000 	C:\Windows\system32\ole32.dll
0x765e0000 - 0x7666d000 	C:\Windows\system32\OLEAUT32.dll
0x73e40000 - 0x73e79000 	C:\Windows\system32\OLEACC.dll
0x766c0000 - 0x766de000 	C:\Windows\system32\IMM32.DLL
0x76400000 - 0x764c8000 	C:\Windows\system32\MSCTF.dll
0x760a0000 - 0x760cc000 	C:\Windows\system32\apphelp.dll
0x77e10000 - 0x77e19000 	C:\Windows\system32\LPK.DLL
0x76560000 - 0x765dd000 	C:\Windows\system32\USP10.dll
0x6d860000 - 0x6d86c000 	C:\Program Files\Java\jdk1.6.0_16\jre\bin\verify.dll
0x6d3e0000 - 0x6d3ff000 	C:\Program Files\Java\jdk1.6.0_16\jre\bin\java.dll
0x6d340000 - 0x6d348000 	C:\Program Files\Java\jdk1.6.0_16\jre\bin\hpi.dll
0x761d0000 - 0x761d7000 	C:\Windows\system32\PSAPI.DLL
0x6d8a0000 - 0x6d8af000 	C:\Program Files\Java\jdk1.6.0_16\jre\bin\zip.dll

VM Arguments:
jvm_args: -Dfile.encoding=UTF-8 -Xmx1500m 
java_command: algo.Main
Launcher Type: SUN_STANDARD

Environment Variables:
CLASSPATH=.;C:\Program Files\Java\jre6\lib\ext\QTJava.zip
PATH=C:\Program Files\PC Connectivity Solution\;C:\Program Files\MiKTeX 2.7\miktex\bin;C:\Windows\system32;C:\Windows;C:\Windows\System32\Wbem;C:\Program Files\Acer\Empowering Technology\eDataSecurity\;C:\Program Files\Acer\Empowering Technology\eDataSecurity\x86;C:\Program Files\Acer\Empowering Technology\eDataSecurity\x64;C:\Program Files\QuickTime\QTSystem\;C:\Program Files\Intel\WiFi\bin\;D:\Bureau\xp usb\usb_prep8\;
USERNAME=Rémi
OS=Windows_NT
PROCESSOR_IDENTIFIER=x86 Family 6 Model 15 Stepping 13, GenuineIntel



---------------  S Y S T E M  ---------------

OS: Windows Vista Build 6002 Service Pack 2

CPU:total 2 (2 cores per cpu, 1 threads per core) family 6 model 15 stepping 13, cmov, cx8, fxsr, mmx, sse, sse2, sse3, ssse3

Memory: 4k page, physical 2097151k(155472k free), swap 4194303k(3376048k free)

vm_info: Java HotSpot(TM) Client VM (14.2-b01) for windows-x86 JRE (1.6.0_16-b01), built on Jul 31 2009 11:26:58 by "java_re" with MS VC++ 7.1

time: Thu Nov 05 23:15:22 2009
elapsed time: 9 seconds

